{"/Users/caitlinburns/HTML/Lecture Notes/model/UserDAOmem.js": {"path":"/Users/caitlinburns/HTML/Lecture Notes/model/UserDAOmem.js","statementMap":{"0":{"start":{"line":1,"column":15},"end":{"line":5,"column":1}},"1":{"start":{"line":8,"column":0},"end":{"line":10,"column":1}},"2":{"start":{"line":9,"column":4},"end":{"line":9,"column":20}},"3":{"start":{"line":12,"column":0},"end":{"line":21,"column":1}},"4":{"start":{"line":13,"column":14},"end":{"line":13,"column":18}},"5":{"start":{"line":14,"column":4},"end":{"line":19,"column":5}},"6":{"start":{"line":14,"column":14},"end":{"line":14,"column":15}},"7":{"start":{"line":15,"column":8},"end":{"line":18,"column":9}},"8":{"start":{"line":16,"column":12},"end":{"line":16,"column":31}},"9":{"start":{"line":17,"column":12},"end":{"line":17,"column":18}},"10":{"start":{"line":20,"column":4},"end":{"line":20,"column":16}},"11":{"start":{"line":23,"column":0},"end":{"line":29,"column":1}},"12":{"start":{"line":24,"column":16},"end":{"line":24,"column":52}},"13":{"start":{"line":25,"column":4},"end":{"line":25,"column":21}},"14":{"start":{"line":26,"column":4},"end":{"line":26,"column":24}},"15":{"start":{"line":27,"column":4},"end":{"line":27,"column":16}},"16":{"start":{"line":31,"column":0},"end":{"line":44,"column":1}},"17":{"start":{"line":32,"column":14},"end":{"line":32,"column":16}},"18":{"start":{"line":33,"column":4},"end":{"line":38,"column":5}},"19":{"start":{"line":33,"column":14},"end":{"line":33,"column":15}},"20":{"start":{"line":34,"column":8},"end":{"line":37,"column":9}},"21":{"start":{"line":35,"column":12},"end":{"line":35,"column":20}},"22":{"start":{"line":39,"column":4},"end":{"line":42,"column":5}},"23":{"start":{"line":40,"column":8},"end":{"line":40,"column":29}},"24":{"start":{"line":46,"column":0},"end":{"line":59,"column":1}},"25":{"start":{"line":47,"column":14},"end":{"line":47,"column":18}},"26":{"start":{"line":48,"column":14},"end":{"line":48,"column":16}},"27":{"start":{"line":49,"column":4},"end":{"line":54,"column":5}},"28":{"start":{"line":49,"column":14},"end":{"line":49,"column":15}},"29":{"start":{"line":50,"column":8},"end":{"line":53,"column":9}},"30":{"start":{"line":51,"column":12},"end":{"line":51,"column":20}},"31":{"start":{"line":52,"column":12},"end":{"line":52,"column":18}},"32":{"start":{"line":55,"column":4},"end":{"line":57,"column":5}},"33":{"start":{"line":56,"column":8},"end":{"line":56,"column":31}},"34":{"start":{"line":58,"column":4},"end":{"line":58,"column":16}}},"fnMap":{"0":{"name":"(anonymous_0)","decl":{"start":{"line":8,"column":17},"end":{"line":8,"column":18}},"loc":{"start":{"line":8,"column":27},"end":{"line":10,"column":1}},"line":8},"1":{"name":"(anonymous_1)","decl":{"start":{"line":12,"column":13},"end":{"line":12,"column":14}},"loc":{"start":{"line":12,"column":26},"end":{"line":21,"column":1}},"line":12},"2":{"name":"(anonymous_2)","decl":{"start":{"line":23,"column":15},"end":{"line":23,"column":16}},"loc":{"start":{"line":23,"column":29},"end":{"line":29,"column":1}},"line":23},"3":{"name":"(anonymous_3)","decl":{"start":{"line":31,"column":15},"end":{"line":31,"column":16}},"loc":{"start":{"line":31,"column":29},"end":{"line":44,"column":1}},"line":31},"4":{"name":"(anonymous_4)","decl":{"start":{"line":46,"column":13},"end":{"line":46,"column":14}},"loc":{"start":{"line":46,"column":26},"end":{"line":59,"column":1}},"line":46}},"branchMap":{"0":{"loc":{"start":{"line":15,"column":8},"end":{"line":18,"column":9}},"type":"if","locations":[{"start":{"line":15,"column":8},"end":{"line":18,"column":9}},{"start":{},"end":{}}],"line":15},"1":{"loc":{"start":{"line":34,"column":8},"end":{"line":37,"column":9}},"type":"if","locations":[{"start":{"line":34,"column":8},"end":{"line":37,"column":9}},{"start":{},"end":{}}],"line":34},"2":{"loc":{"start":{"line":39,"column":4},"end":{"line":42,"column":5}},"type":"if","locations":[{"start":{"line":39,"column":4},"end":{"line":42,"column":5}},{"start":{},"end":{}}],"line":39},"3":{"loc":{"start":{"line":39,"column":8},"end":{"line":39,"column":40}},"type":"binary-expr","locations":[{"start":{"line":39,"column":8},"end":{"line":39,"column":15}},{"start":{"line":39,"column":19},"end":{"line":39,"column":40}}],"line":39},"4":{"loc":{"start":{"line":50,"column":8},"end":{"line":53,"column":9}},"type":"if","locations":[{"start":{"line":50,"column":8},"end":{"line":53,"column":9}},{"start":{},"end":{}}],"line":50},"5":{"loc":{"start":{"line":55,"column":4},"end":{"line":57,"column":5}},"type":"if","locations":[{"start":{"line":55,"column":4},"end":{"line":57,"column":5}},{"start":{},"end":{}}],"line":55},"6":{"loc":{"start":{"line":55,"column":8},"end":{"line":55,"column":40}},"type":"binary-expr","locations":[{"start":{"line":55,"column":8},"end":{"line":55,"column":15}},{"start":{"line":55,"column":19},"end":{"line":55,"column":40}}],"line":55}},"s":{"0":1,"1":1,"2":1,"3":1,"4":1,"5":1,"6":1,"7":5,"8":0,"9":0,"10":1,"11":1,"12":2,"13":2,"14":2,"15":2,"16":1,"17":0,"18":0,"19":0,"20":0,"21":0,"22":0,"23":0,"24":1,"25":0,"26":0,"27":0,"28":0,"29":0,"30":0,"31":0,"32":0,"33":0,"34":0},"f":{"0":1,"1":1,"2":2,"3":0,"4":0},"b":{"0":[0,5],"1":[0,0],"2":[0,0],"3":[0,0],"4":[0,0],"5":[0,0],"6":[0,0]},"_coverageSchema":"1a1c01bbd47fc00a2c39e90264f33305004495a9","hash":"ea7542d8aef014c10fe60f0b95b9e047bd693b66"}
,"/Users/caitlinburns/HTML/util/PasswordUtil.js": {"path":"/Users/caitlinburns/HTML/util/PasswordUtil.js","statementMap":{"0":{"start":{"line":1,"column":15},"end":{"line":1,"column":32}},"1":{"start":{"line":3,"column":0},"end":{"line":7,"column":1}},"2":{"start":{"line":4,"column":16},"end":{"line":4,"column":37}},"3":{"start":{"line":5,"column":22},"end":{"line":5,"column":51}},"4":{"start":{"line":6,"column":4},"end":{"line":6,"column":21}},"5":{"start":{"line":9,"column":0},"end":{"line":11,"column":1}},"6":{"start":{"line":10,"column":4},"end":{"line":10,"column":49}}},"fnMap":{"0":{"name":"(anonymous_0)","decl":{"start":{"line":3,"column":23},"end":{"line":3,"column":24}},"loc":{"start":{"line":3,"column":39},"end":{"line":7,"column":1}},"line":3},"1":{"name":"(anonymous_1)","decl":{"start":{"line":9,"column":26},"end":{"line":9,"column":27}},"loc":{"start":{"line":9,"column":53},"end":{"line":11,"column":1}},"line":9}},"branchMap":{},"s":{"0":1,"1":1,"2":3,"3":3,"4":3,"5":1,"6":2},"f":{"0":3,"1":2},"b":{},"_coverageSchema":"1a1c01bbd47fc00a2c39e90264f33305004495a9","hash":"65442a00b2a4cdb41be6fc328587e776d046e0ae"}
}
