TN:
SF:Lecture Notes/model/UserDAOmem.js
FN:8,(anonymous_0)
FN:12,(anonymous_1)
FN:23,(anonymous_2)
FN:31,(anonymous_3)
FN:46,(anonymous_4)
FNF:5
FNH:3
FNDA:1,(anonymous_0)
FNDA:1,(anonymous_1)
FNDA:2,(anonymous_2)
FNDA:0,(anonymous_3)
FNDA:0,(anonymous_4)
DA:1,1
DA:8,1
DA:9,1
DA:12,1
DA:13,1
DA:14,1
DA:15,5
DA:16,0
DA:17,0
DA:20,1
DA:23,1
DA:24,2
DA:25,2
DA:26,2
DA:27,2
DA:31,1
DA:32,0
DA:33,0
DA:34,0
DA:35,0
DA:39,0
DA:40,0
DA:46,1
DA:47,0
DA:48,0
DA:49,0
DA:50,0
DA:51,0
DA:52,0
DA:55,0
DA:56,0
DA:58,0
LF:32
LH:15
BRDA:15,0,0,0
BRDA:15,0,1,5
BRDA:34,1,0,0
BRDA:34,1,1,0
BRDA:39,2,0,0
BRDA:39,2,1,0
BRDA:39,3,0,0
BRDA:39,3,1,0
BRDA:50,4,0,0
BRDA:50,4,1,0
BRDA:55,5,0,0
BRDA:55,5,1,0
BRDA:55,6,0,0
BRDA:55,6,1,0
BRF:14
BRH:1
end_of_record
TN:
SF:util/PasswordUtil.js
FN:3,(anonymous_0)
FN:9,(anonymous_1)
FNF:2
FNH:2
FNDA:3,(anonymous_0)
FNDA:2,(anonymous_1)
DA:1,1
DA:3,1
DA:4,3
DA:5,3
DA:6,3
DA:9,1
DA:10,2
LF:7
LH:7
BRF:0
BRH:0
end_of_record
